Waiting for ICRL experiment to finish...
ICRL experiment finished!
Starting baseline (zero-shot) experiment...
[92m11:11:37 - LiteLLM:ERROR[0m: vertex_llm_base.py:494 - Failed to load vertex credentials. Check to see if credentials containing partial/invalid information. Error: HTTPSConnectionPool(host='oauth2.googleapis.com', port=443): Max retries exceeded with url: /token (Caused by NameResolutionError("<urllib3.connection.HTTPSConnection object at 0x16f29d010>: Failed to resolve 'oauth2.googleapis.com' ([Errno 8] nodename nor servname provided, or not known)"))
Traceback (most recent call last):
  File "/Users/asanshaygupta/Documents/Codes/Stanford/Research/sgicl/.venv/lib/python3.12/site-packages/urllib3/connection.py", line 198, in _new_conn
    sock = connection.create_connection(
           ^^^^^^^^^^^^^^^^^^^^^^^^^^^^^
  File "/Users/asanshaygupta/Documents/Codes/Stanford/Research/sgicl/.venv/lib/python3.12/site-packages/urllib3/util/connection.py", line 60, in create_connection
    for res in socket.getaddrinfo(host, port, family, socket.SOCK_STREAM):
               ^^^^^^^^^^^^^^^^^^^^^^^^^^^^^^^^^^^^^^^^^^^^^^^^^^^^^^^^^^
  File "/opt/homebrew/Caskroom/miniforge/base/lib/python3.12/socket.py", line 976, in getaddrinfo
    for res in _socket.getaddrinfo(host, port, family, type, proto, flags):
               ^^^^^^^^^^^^^^^^^^^^^^^^^^^^^^^^^^^^^^^^^^^^^^^^^^^^^^^^^^^
socket.gaierror: [Errno 8] nodename nor servname provided, or not known

The above exception was the direct cause of the following exception:

Traceback (most recent call last):
  File "/Users/asanshaygupta/Documents/Codes/Stanford/Research/sgicl/.venv/lib/python3.12/site-packages/urllib3/connectionpool.py", line 787, in urlopen
    response = self._make_request(
               ^^^^^^^^^^^^^^^^^^^
  File "/Users/asanshaygupta/Documents/Codes/Stanford/Research/sgicl/.venv/lib/python3.12/site-packages/urllib3/connectionpool.py", line 488, in _make_request
    raise new_e
  File "/Users/asanshaygupta/Documents/Codes/Stanford/Research/sgicl/.venv/lib/python3.12/site-packages/urllib3/connectionpool.py", line 464, in _make_request
    self._validate_conn(conn)
  File "/Users/asanshaygupta/Documents/Codes/Stanford/Research/sgicl/.venv/lib/python3.12/site-packages/urllib3/connectionpool.py", line 1093, in _validate_conn
    conn.connect()
  File "/Users/asanshaygupta/Documents/Codes/Stanford/Research/sgicl/.venv/lib/python3.12/site-packages/urllib3/connection.py", line 704, in connect
    self.sock = sock = self._new_conn()
                       ^^^^^^^^^^^^^^^^
  File "/Users/asanshaygupta/Documents/Codes/Stanford/Research/sgicl/.venv/lib/python3.12/site-packages/urllib3/connection.py", line 205, in _new_conn
    raise NameResolutionError(self.host, self, e) from e
urllib3.exceptions.NameResolutionError: <urllib3.connection.HTTPSConnection object at 0x16f29d010>: Failed to resolve 'oauth2.googleapis.com' ([Errno 8] nodename nor servname provided, or not known)

The above exception was the direct cause of the following exception:

Traceback (most recent call last):
  File "/Users/asanshaygupta/Documents/Codes/Stanford/Research/sgicl/.venv/lib/python3.12/site-packages/requests/adapters.py", line 644, in send
    resp = conn.urlopen(
           ^^^^^^^^^^^^^
  File "/Users/asanshaygupta/Documents/Codes/Stanford/Research/sgicl/.venv/lib/python3.12/site-packages/urllib3/connectionpool.py", line 841, in urlopen
    retries = retries.increment(
              ^^^^^^^^^^^^^^^^^^
  File "/Users/asanshaygupta/Documents/Codes/Stanford/Research/sgicl/.venv/lib/python3.12/site-packages/urllib3/util/retry.py", line 519, in increment
    raise MaxRetryError(_pool, url, reason) from reason  # type: ignore[arg-type]
    ^^^^^^^^^^^^^^^^^^^^^^^^^^^^^^^^^^^^^^^^^^^^^^^^^^^
urllib3.exceptions.MaxRetryError: HTTPSConnectionPool(host='oauth2.googleapis.com', port=443): Max retries exceeded with url: /token (Caused by NameResolutionError("<urllib3.connection.HTTPSConnection object at 0x16f29d010>: Failed to resolve 'oauth2.googleapis.com' ([Errno 8] nodename nor servname provided, or not known)"))

During handling of the above exception, another exception occurred:

Traceback (most recent call last):
  File "/Users/asanshaygupta/Documents/Codes/Stanford/Research/sgicl/.venv/lib/python3.12/site-packages/google/auth/transport/requests.py", line 188, in __call__
    response = self.session.request(
               ^^^^^^^^^^^^^^^^^^^^^
  File "/Users/asanshaygupta/Documents/Codes/Stanford/Research/sgicl/.venv/lib/python3.12/site-packages/requests/sessions.py", line 589, in request
    resp = self.send(prep, **send_kwargs)
           ^^^^^^^^^^^^^^^^^^^^^^^^^^^^^^
  File "/Users/asanshaygupta/Documents/Codes/Stanford/Research/sgicl/.venv/lib/python3.12/site-packages/requests/sessions.py", line 703, in send
    r = adapter.send(request, **kwargs)
        ^^^^^^^^^^^^^^^^^^^^^^^^^^^^^^^
  File "/Users/asanshaygupta/Documents/Codes/Stanford/Research/sgicl/.venv/lib/python3.12/site-packages/requests/adapters.py", line 677, in send
    raise ConnectionError(e, request=request)
requests.exceptions.ConnectionError: HTTPSConnectionPool(host='oauth2.googleapis.com', port=443): Max retries exceeded with url: /token (Caused by NameResolutionError("<urllib3.connection.HTTPSConnection object at 0x16f29d010>: Failed to resolve 'oauth2.googleapis.com' ([Errno 8] nodename nor servname provided, or not known)"))

The above exception was the direct cause of the following exception:

Traceback (most recent call last):
  File "/Users/asanshaygupta/Documents/Codes/Stanford/Research/sgicl/.venv/lib/python3.12/site-packages/litellm/llms/vertex_ai/vertex_llm_base.py", line 490, in get_access_token
    _credentials, credential_project_id = self.load_auth(
                                          ^^^^^^^^^^^^^^^
  File "/Users/asanshaygupta/Documents/Codes/Stanford/Research/sgicl/.venv/lib/python3.12/site-packages/litellm/llms/vertex_ai/vertex_llm_base.py", line 120, in load_auth
    self.refresh_auth(creds)
  File "/Users/asanshaygupta/Documents/Codes/Stanford/Research/sgicl/.venv/lib/python3.12/site-packages/litellm/llms/vertex_ai/vertex_llm_base.py", line 252, in refresh_auth
    credentials.refresh(Request())
  File "/Users/asanshaygupta/Documents/Codes/Stanford/Research/sgicl/.venv/lib/python3.12/site-packages/google/auth/credentials.py", line 365, in refresh
    self._perform_refresh_token(request)
  File "/Users/asanshaygupta/Documents/Codes/Stanford/Research/sgicl/.venv/lib/python3.12/site-packages/google/oauth2/service_account.py", line 457, in _perform_refresh_token
    access_token, expiry, _ = _client.jwt_grant(
                              ^^^^^^^^^^^^^^^^^^
  File "/Users/asanshaygupta/Documents/Codes/Stanford/Research/sgicl/.venv/lib/python3.12/site-packages/google/oauth2/_client.py", line 303, in jwt_grant
    response_data = _token_endpoint_request(
                    ^^^^^^^^^^^^^^^^^^^^^^^^
  File "/Users/asanshaygupta/Documents/Codes/Stanford/Research/sgicl/.venv/lib/python3.12/site-packages/google/oauth2/_client.py", line 263, in _token_endpoint_request
    ) = _token_endpoint_request_no_throw(
        ^^^^^^^^^^^^^^^^^^^^^^^^^^^^^^^^^
  File "/Users/asanshaygupta/Documents/Codes/Stanford/Research/sgicl/.venv/lib/python3.12/site-packages/google/oauth2/_client.py", line 192, in _token_endpoint_request_no_throw
    response = request(
               ^^^^^^^^
  File "/Users/asanshaygupta/Documents/Codes/Stanford/Research/sgicl/.venv/lib/python3.12/site-packages/google/auth/transport/requests.py", line 195, in __call__
    raise new_exc from caught_exc
google.auth.exceptions.TransportError: HTTPSConnectionPool(host='oauth2.googleapis.com', port=443): Max retries exceeded with url: /token (Caused by NameResolutionError("<urllib3.connection.HTTPSConnection object at 0x16f29d010>: Failed to resolve 'oauth2.googleapis.com' ([Errno 8] nodename nor servname provided, or not known)"))
[92m13:15:19 - LiteLLM:ERROR[0m: vertex_llm_base.py:494 - Failed to load vertex credentials. Check to see if credentials containing partial/invalid information. Error: HTTPSConnectionPool(host='oauth2.googleapis.com', port=443): Max retries exceeded with url: /token (Caused by NameResolutionError("<urllib3.connection.HTTPSConnection object at 0x16eebc860>: Failed to resolve 'oauth2.googleapis.com' ([Errno 8] nodename nor servname provided, or not known)"))
Traceback (most recent call last):
  File "/Users/asanshaygupta/Documents/Codes/Stanford/Research/sgicl/.venv/lib/python3.12/site-packages/urllib3/connection.py", line 198, in _new_conn
    sock = connection.create_connection(
           ^^^^^^^^^^^^^^^^^^^^^^^^^^^^^
  File "/Users/asanshaygupta/Documents/Codes/Stanford/Research/sgicl/.venv/lib/python3.12/site-packages/urllib3/util/connection.py", line 60, in create_connection
    for res in socket.getaddrinfo(host, port, family, socket.SOCK_STREAM):
               ^^^^^^^^^^^^^^^^^^^^^^^^^^^^^^^^^^^^^^^^^^^^^^^^^^^^^^^^^^
  File "/opt/homebrew/Caskroom/miniforge/base/lib/python3.12/socket.py", line 976, in getaddrinfo
    for res in _socket.getaddrinfo(host, port, family, type, proto, flags):
               ^^^^^^^^^^^^^^^^^^^^^^^^^^^^^^^^^^^^^^^^^^^^^^^^^^^^^^^^^^^
socket.gaierror: [Errno 8] nodename nor servname provided, or not known

The above exception was the direct cause of the following exception:

Traceback (most recent call last):
  File "/Users/asanshaygupta/Documents/Codes/Stanford/Research/sgicl/.venv/lib/python3.12/site-packages/urllib3/connectionpool.py", line 787, in urlopen
    response = self._make_request(
               ^^^^^^^^^^^^^^^^^^^
  File "/Users/asanshaygupta/Documents/Codes/Stanford/Research/sgicl/.venv/lib/python3.12/site-packages/urllib3/connectionpool.py", line 488, in _make_request
    raise new_e
  File "/Users/asanshaygupta/Documents/Codes/Stanford/Research/sgicl/.venv/lib/python3.12/site-packages/urllib3/connectionpool.py", line 464, in _make_request
    self._validate_conn(conn)
  File "/Users/asanshaygupta/Documents/Codes/Stanford/Research/sgicl/.venv/lib/python3.12/site-packages/urllib3/connectionpool.py", line 1093, in _validate_conn
    conn.connect()
  File "/Users/asanshaygupta/Documents/Codes/Stanford/Research/sgicl/.venv/lib/python3.12/site-packages/urllib3/connection.py", line 704, in connect
    self.sock = sock = self._new_conn()
                       ^^^^^^^^^^^^^^^^
  File "/Users/asanshaygupta/Documents/Codes/Stanford/Research/sgicl/.venv/lib/python3.12/site-packages/urllib3/connection.py", line 205, in _new_conn
    raise NameResolutionError(self.host, self, e) from e
urllib3.exceptions.NameResolutionError: <urllib3.connection.HTTPSConnection object at 0x16eebc860>: Failed to resolve 'oauth2.googleapis.com' ([Errno 8] nodename nor servname provided, or not known)

The above exception was the direct cause of the following exception:

Traceback (most recent call last):
  File "/Users/asanshaygupta/Documents/Codes/Stanford/Research/sgicl/.venv/lib/python3.12/site-packages/requests/adapters.py", line 644, in send
    resp = conn.urlopen(
           ^^^^^^^^^^^^^
  File "/Users/asanshaygupta/Documents/Codes/Stanford/Research/sgicl/.venv/lib/python3.12/site-packages/urllib3/connectionpool.py", line 841, in urlopen
    retries = retries.increment(
              ^^^^^^^^^^^^^^^^^^
  File "/Users/asanshaygupta/Documents/Codes/Stanford/Research/sgicl/.venv/lib/python3.12/site-packages/urllib3/util/retry.py", line 519, in increment
    raise MaxRetryError(_pool, url, reason) from reason  # type: ignore[arg-type]
    ^^^^^^^^^^^^^^^^^^^^^^^^^^^^^^^^^^^^^^^^^^^^^^^^^^^
urllib3.exceptions.MaxRetryError: HTTPSConnectionPool(host='oauth2.googleapis.com', port=443): Max retries exceeded with url: /token (Caused by NameResolutionError("<urllib3.connection.HTTPSConnection object at 0x16eebc860>: Failed to resolve 'oauth2.googleapis.com' ([Errno 8] nodename nor servname provided, or not known)"))

During handling of the above exception, another exception occurred:

Traceback (most recent call last):
  File "/Users/asanshaygupta/Documents/Codes/Stanford/Research/sgicl/.venv/lib/python3.12/site-packages/google/auth/transport/requests.py", line 188, in __call__
    response = self.session.request(
               ^^^^^^^^^^^^^^^^^^^^^
  File "/Users/asanshaygupta/Documents/Codes/Stanford/Research/sgicl/.venv/lib/python3.12/site-packages/requests/sessions.py", line 589, in request
    resp = self.send(prep, **send_kwargs)
           ^^^^^^^^^^^^^^^^^^^^^^^^^^^^^^
  File "/Users/asanshaygupta/Documents/Codes/Stanford/Research/sgicl/.venv/lib/python3.12/site-packages/requests/sessions.py", line 703, in send
    r = adapter.send(request, **kwargs)
        ^^^^^^^^^^^^^^^^^^^^^^^^^^^^^^^
  File "/Users/asanshaygupta/Documents/Codes/Stanford/Research/sgicl/.venv/lib/python3.12/site-packages/requests/adapters.py", line 677, in send
    raise ConnectionError(e, request=request)
requests.exceptions.ConnectionError: HTTPSConnectionPool(host='oauth2.googleapis.com', port=443): Max retries exceeded with url: /token (Caused by NameResolutionError("<urllib3.connection.HTTPSConnection object at 0x16eebc860>: Failed to resolve 'oauth2.googleapis.com' ([Errno 8] nodename nor servname provided, or not known)"))

The above exception was the direct cause of the following exception:

Traceback (most recent call last):
  File "/Users/asanshaygupta/Documents/Codes/Stanford/Research/sgicl/.venv/lib/python3.12/site-packages/litellm/llms/vertex_ai/vertex_llm_base.py", line 490, in get_access_token
    _credentials, credential_project_id = self.load_auth(
                                          ^^^^^^^^^^^^^^^
  File "/Users/asanshaygupta/Documents/Codes/Stanford/Research/sgicl/.venv/lib/python3.12/site-packages/litellm/llms/vertex_ai/vertex_llm_base.py", line 120, in load_auth
    self.refresh_auth(creds)
  File "/Users/asanshaygupta/Documents/Codes/Stanford/Research/sgicl/.venv/lib/python3.12/site-packages/litellm/llms/vertex_ai/vertex_llm_base.py", line 252, in refresh_auth
    credentials.refresh(Request())
  File "/Users/asanshaygupta/Documents/Codes/Stanford/Research/sgicl/.venv/lib/python3.12/site-packages/google/auth/credentials.py", line 365, in refresh
    self._perform_refresh_token(request)
  File "/Users/asanshaygupta/Documents/Codes/Stanford/Research/sgicl/.venv/lib/python3.12/site-packages/google/oauth2/service_account.py", line 457, in _perform_refresh_token
    access_token, expiry, _ = _client.jwt_grant(
                              ^^^^^^^^^^^^^^^^^^
  File "/Users/asanshaygupta/Documents/Codes/Stanford/Research/sgicl/.venv/lib/python3.12/site-packages/google/oauth2/_client.py", line 303, in jwt_grant
    response_data = _token_endpoint_request(
                    ^^^^^^^^^^^^^^^^^^^^^^^^
  File "/Users/asanshaygupta/Documents/Codes/Stanford/Research/sgicl/.venv/lib/python3.12/site-packages/google/oauth2/_client.py", line 263, in _token_endpoint_request
    ) = _token_endpoint_request_no_throw(
        ^^^^^^^^^^^^^^^^^^^^^^^^^^^^^^^^^
  File "/Users/asanshaygupta/Documents/Codes/Stanford/Research/sgicl/.venv/lib/python3.12/site-packages/google/oauth2/_client.py", line 192, in _token_endpoint_request_no_throw
    response = request(
               ^^^^^^^^
  File "/Users/asanshaygupta/Documents/Codes/Stanford/Research/sgicl/.venv/lib/python3.12/site-packages/google/auth/transport/requests.py", line 195, in __call__
    raise new_exc from caught_exc
google.auth.exceptions.TransportError: HTTPSConnectionPool(host='oauth2.googleapis.com', port=443): Max retries exceeded with url: /token (Caused by NameResolutionError("<urllib3.connection.HTTPSConnection object at 0x16eebc860>: Failed to resolve 'oauth2.googleapis.com' ([Errno 8] nodename nor servname provided, or not known)"))
[92m13:15:20 - LiteLLM:ERROR[0m: vertex_llm_base.py:494 - Failed to load vertex credentials. Check to see if credentials containing partial/invalid information. Error: HTTPSConnectionPool(host='oauth2.googleapis.com', port=443): Max retries exceeded with url: /token (Caused by NameResolutionError("<urllib3.connection.HTTPSConnection object at 0x16eebe150>: Failed to resolve 'oauth2.googleapis.com' ([Errno 8] nodename nor servname provided, or not known)"))
Traceback (most recent call last):
  File "/Users/asanshaygupta/Documents/Codes/Stanford/Research/sgicl/.venv/lib/python3.12/site-packages/urllib3/connection.py", line 198, in _new_conn
    sock = connection.create_connection(
           ^^^^^^^^^^^^^^^^^^^^^^^^^^^^^
  File "/Users/asanshaygupta/Documents/Codes/Stanford/Research/sgicl/.venv/lib/python3.12/site-packages/urllib3/util/connection.py", line 60, in create_connection
    for res in socket.getaddrinfo(host, port, family, socket.SOCK_STREAM):
               ^^^^^^^^^^^^^^^^^^^^^^^^^^^^^^^^^^^^^^^^^^^^^^^^^^^^^^^^^^
  File "/opt/homebrew/Caskroom/miniforge/base/lib/python3.12/socket.py", line 976, in getaddrinfo
    for res in _socket.getaddrinfo(host, port, family, type, proto, flags):
               ^^^^^^^^^^^^^^^^^^^^^^^^^^^^^^^^^^^^^^^^^^^^^^^^^^^^^^^^^^^
socket.gaierror: [Errno 8] nodename nor servname provided, or not known

The above exception was the direct cause of the following exception:

Traceback (most recent call last):
  File "/Users/asanshaygupta/Documents/Codes/Stanford/Research/sgicl/.venv/lib/python3.12/site-packages/urllib3/connectionpool.py", line 787, in urlopen
    response = self._make_request(
               ^^^^^^^^^^^^^^^^^^^
  File "/Users/asanshaygupta/Documents/Codes/Stanford/Research/sgicl/.venv/lib/python3.12/site-packages/urllib3/connectionpool.py", line 488, in _make_request
    raise new_e
  File "/Users/asanshaygupta/Documents/Codes/Stanford/Research/sgicl/.venv/lib/python3.12/site-packages/urllib3/connectionpool.py", line 464, in _make_request
    self._validate_conn(conn)
  File "/Users/asanshaygupta/Documents/Codes/Stanford/Research/sgicl/.venv/lib/python3.12/site-packages/urllib3/connectionpool.py", line 1093, in _validate_conn
    conn.connect()
  File "/Users/asanshaygupta/Documents/Codes/Stanford/Research/sgicl/.venv/lib/python3.12/site-packages/urllib3/connection.py", line 704, in connect
    self.sock = sock = self._new_conn()
                       ^^^^^^^^^^^^^^^^
  File "/Users/asanshaygupta/Documents/Codes/Stanford/Research/sgicl/.venv/lib/python3.12/site-packages/urllib3/connection.py", line 205, in _new_conn
    raise NameResolutionError(self.host, self, e) from e
urllib3.exceptions.NameResolutionError: <urllib3.connection.HTTPSConnection object at 0x16eebe150>: Failed to resolve 'oauth2.googleapis.com' ([Errno 8] nodename nor servname provided, or not known)

The above exception was the direct cause of the following exception:

Traceback (most recent call last):
  File "/Users/asanshaygupta/Documents/Codes/Stanford/Research/sgicl/.venv/lib/python3.12/site-packages/requests/adapters.py", line 644, in send
    resp = conn.urlopen(
           ^^^^^^^^^^^^^
  File "/Users/asanshaygupta/Documents/Codes/Stanford/Research/sgicl/.venv/lib/python3.12/site-packages/urllib3/connectionpool.py", line 841, in urlopen
    retries = retries.increment(
              ^^^^^^^^^^^^^^^^^^
  File "/Users/asanshaygupta/Documents/Codes/Stanford/Research/sgicl/.venv/lib/python3.12/site-packages/urllib3/util/retry.py", line 519, in increment
    raise MaxRetryError(_pool, url, reason) from reason  # type: ignore[arg-type]
    ^^^^^^^^^^^^^^^^^^^^^^^^^^^^^^^^^^^^^^^^^^^^^^^^^^^
urllib3.exceptions.MaxRetryError: HTTPSConnectionPool(host='oauth2.googleapis.com', port=443): Max retries exceeded with url: /token (Caused by NameResolutionError("<urllib3.connection.HTTPSConnection object at 0x16eebe150>: Failed to resolve 'oauth2.googleapis.com' ([Errno 8] nodename nor servname provided, or not known)"))

During handling of the above exception, another exception occurred:

Traceback (most recent call last):
  File "/Users/asanshaygupta/Documents/Codes/Stanford/Research/sgicl/.venv/lib/python3.12/site-packages/google/auth/transport/requests.py", line 188, in __call__
    response = self.session.request(
               ^^^^^^^^^^^^^^^^^^^^^
  File "/Users/asanshaygupta/Documents/Codes/Stanford/Research/sgicl/.venv/lib/python3.12/site-packages/requests/sessions.py", line 589, in request
    resp = self.send(prep, **send_kwargs)
           ^^^^^^^^^^^^^^^^^^^^^^^^^^^^^^
  File "/Users/asanshaygupta/Documents/Codes/Stanford/Research/sgicl/.venv/lib/python3.12/site-packages/requests/sessions.py", line 703, in send
    r = adapter.send(request, **kwargs)
        ^^^^^^^^^^^^^^^^^^^^^^^^^^^^^^^
  File "/Users/asanshaygupta/Documents/Codes/Stanford/Research/sgicl/.venv/lib/python3.12/site-packages/requests/adapters.py", line 677, in send
    raise ConnectionError(e, request=request)
requests.exceptions.ConnectionError: HTTPSConnectionPool(host='oauth2.googleapis.com', port=443): Max retries exceeded with url: /token (Caused by NameResolutionError("<urllib3.connection.HTTPSConnection object at 0x16eebe150>: Failed to resolve 'oauth2.googleapis.com' ([Errno 8] nodename nor servname provided, or not known)"))

The above exception was the direct cause of the following exception:

Traceback (most recent call last):
  File "/Users/asanshaygupta/Documents/Codes/Stanford/Research/sgicl/.venv/lib/python3.12/site-packages/litellm/llms/vertex_ai/vertex_llm_base.py", line 490, in get_access_token
    _credentials, credential_project_id = self.load_auth(
                                          ^^^^^^^^^^^^^^^
  File "/Users/asanshaygupta/Documents/Codes/Stanford/Research/sgicl/.venv/lib/python3.12/site-packages/litellm/llms/vertex_ai/vertex_llm_base.py", line 120, in load_auth
    self.refresh_auth(creds)
  File "/Users/asanshaygupta/Documents/Codes/Stanford/Research/sgicl/.venv/lib/python3.12/site-packages/litellm/llms/vertex_ai/vertex_llm_base.py", line 252, in refresh_auth
    credentials.refresh(Request())
  File "/Users/asanshaygupta/Documents/Codes/Stanford/Research/sgicl/.venv/lib/python3.12/site-packages/google/auth/credentials.py", line 365, in refresh
    self._perform_refresh_token(request)
  File "/Users/asanshaygupta/Documents/Codes/Stanford/Research/sgicl/.venv/lib/python3.12/site-packages/google/oauth2/service_account.py", line 457, in _perform_refresh_token
    access_token, expiry, _ = _client.jwt_grant(
                              ^^^^^^^^^^^^^^^^^^
  File "/Users/asanshaygupta/Documents/Codes/Stanford/Research/sgicl/.venv/lib/python3.12/site-packages/google/oauth2/_client.py", line 303, in jwt_grant
    response_data = _token_endpoint_request(
                    ^^^^^^^^^^^^^^^^^^^^^^^^
  File "/Users/asanshaygupta/Documents/Codes/Stanford/Research/sgicl/.venv/lib/python3.12/site-packages/google/oauth2/_client.py", line 263, in _token_endpoint_request
    ) = _token_endpoint_request_no_throw(
        ^^^^^^^^^^^^^^^^^^^^^^^^^^^^^^^^^
  File "/Users/asanshaygupta/Documents/Codes/Stanford/Research/sgicl/.venv/lib/python3.12/site-packages/google/oauth2/_client.py", line 192, in _token_endpoint_request_no_throw
    response = request(
               ^^^^^^^^
  File "/Users/asanshaygupta/Documents/Codes/Stanford/Research/sgicl/.venv/lib/python3.12/site-packages/google/auth/transport/requests.py", line 195, in __call__
    raise new_exc from caught_exc
google.auth.exceptions.TransportError: HTTPSConnectionPool(host='oauth2.googleapis.com', port=443): Max retries exceeded with url: /token (Caused by NameResolutionError("<urllib3.connection.HTTPSConnection object at 0x16eebe150>: Failed to resolve 'oauth2.googleapis.com' ([Errno 8] nodename nor servname provided, or not known)"))
[92m13:15:36 - LiteLLM:ERROR[0m: vertex_llm_base.py:494 - Failed to load vertex credentials. Check to see if credentials containing partial/invalid information. Error: HTTPSConnectionPool(host='oauth2.googleapis.com', port=443): Max retries exceeded with url: /token (Caused by NameResolutionError("<urllib3.connection.HTTPSConnection object at 0x15c7a3e90>: Failed to resolve 'oauth2.googleapis.com' ([Errno 8] nodename nor servname provided, or not known)"))
Traceback (most recent call last):
  File "/Users/asanshaygupta/Documents/Codes/Stanford/Research/sgicl/.venv/lib/python3.12/site-packages/urllib3/connection.py", line 198, in _new_conn
    sock = connection.create_connection(
           ^^^^^^^^^^^^^^^^^^^^^^^^^^^^^
  File "/Users/asanshaygupta/Documents/Codes/Stanford/Research/sgicl/.venv/lib/python3.12/site-packages/urllib3/util/connection.py", line 60, in create_connection
    for res in socket.getaddrinfo(host, port, family, socket.SOCK_STREAM):
               ^^^^^^^^^^^^^^^^^^^^^^^^^^^^^^^^^^^^^^^^^^^^^^^^^^^^^^^^^^
  File "/opt/homebrew/Caskroom/miniforge/base/lib/python3.12/socket.py", line 976, in getaddrinfo
    for res in _socket.getaddrinfo(host, port, family, type, proto, flags):
               ^^^^^^^^^^^^^^^^^^^^^^^^^^^^^^^^^^^^^^^^^^^^^^^^^^^^^^^^^^^
socket.gaierror: [Errno 8] nodename nor servname provided, or not known

The above exception was the direct cause of the following exception:

Traceback (most recent call last):
  File "/Users/asanshaygupta/Documents/Codes/Stanford/Research/sgicl/.venv/lib/python3.12/site-packages/urllib3/connectionpool.py", line 787, in urlopen
    response = self._make_request(
               ^^^^^^^^^^^^^^^^^^^
  File "/Users/asanshaygupta/Documents/Codes/Stanford/Research/sgicl/.venv/lib/python3.12/site-packages/urllib3/connectionpool.py", line 488, in _make_request
    raise new_e
  File "/Users/asanshaygupta/Documents/Codes/Stanford/Research/sgicl/.venv/lib/python3.12/site-packages/urllib3/connectionpool.py", line 464, in _make_request
    self._validate_conn(conn)
  File "/Users/asanshaygupta/Documents/Codes/Stanford/Research/sgicl/.venv/lib/python3.12/site-packages/urllib3/connectionpool.py", line 1093, in _validate_conn
    conn.connect()
  File "/Users/asanshaygupta/Documents/Codes/Stanford/Research/sgicl/.venv/lib/python3.12/site-packages/urllib3/connection.py", line 704, in connect
    self.sock = sock = self._new_conn()
                       ^^^^^^^^^^^^^^^^
  File "/Users/asanshaygupta/Documents/Codes/Stanford/Research/sgicl/.venv/lib/python3.12/site-packages/urllib3/connection.py", line 205, in _new_conn
    raise NameResolutionError(self.host, self, e) from e
urllib3.exceptions.NameResolutionError: <urllib3.connection.HTTPSConnection object at 0x15c7a3e90>: Failed to resolve 'oauth2.googleapis.com' ([Errno 8] nodename nor servname provided, or not known)

The above exception was the direct cause of the following exception:

Traceback (most recent call last):
  File "/Users/asanshaygupta/Documents/Codes/Stanford/Research/sgicl/.venv/lib/python3.12/site-packages/requests/adapters.py", line 644, in send
    resp = conn.urlopen(
           ^^^^^^^^^^^^^
  File "/Users/asanshaygupta/Documents/Codes/Stanford/Research/sgicl/.venv/lib/python3.12/site-packages/urllib3/connectionpool.py", line 841, in urlopen
    retries = retries.increment(
              ^^^^^^^^^^^^^^^^^^
  File "/Users/asanshaygupta/Documents/Codes/Stanford/Research/sgicl/.venv/lib/python3.12/site-packages/urllib3/util/retry.py", line 519, in increment
    raise MaxRetryError(_pool, url, reason) from reason  # type: ignore[arg-type]
    ^^^^^^^^^^^^^^^^^^^^^^^^^^^^^^^^^^^^^^^^^^^^^^^^^^^
urllib3.exceptions.MaxRetryError: HTTPSConnectionPool(host='oauth2.googleapis.com', port=443): Max retries exceeded with url: /token (Caused by NameResolutionError("<urllib3.connection.HTTPSConnection object at 0x15c7a3e90>: Failed to resolve 'oauth2.googleapis.com' ([Errno 8] nodename nor servname provided, or not known)"))

During handling of the above exception, another exception occurred:

Traceback (most recent call last):
  File "/Users/asanshaygupta/Documents/Codes/Stanford/Research/sgicl/.venv/lib/python3.12/site-packages/google/auth/transport/requests.py", line 188, in __call__
    response = self.session.request(
               ^^^^^^^^^^^^^^^^^^^^^
  File "/Users/asanshaygupta/Documents/Codes/Stanford/Research/sgicl/.venv/lib/python3.12/site-packages/requests/sessions.py", line 589, in request
    resp = self.send(prep, **send_kwargs)
           ^^^^^^^^^^^^^^^^^^^^^^^^^^^^^^
  File "/Users/asanshaygupta/Documents/Codes/Stanford/Research/sgicl/.venv/lib/python3.12/site-packages/requests/sessions.py", line 703, in send
    r = adapter.send(request, **kwargs)
        ^^^^^^^^^^^^^^^^^^^^^^^^^^^^^^^
  File "/Users/asanshaygupta/Documents/Codes/Stanford/Research/sgicl/.venv/lib/python3.12/site-packages/requests/adapters.py", line 677, in send
    raise ConnectionError(e, request=request)
requests.exceptions.ConnectionError: HTTPSConnectionPool(host='oauth2.googleapis.com', port=443): Max retries exceeded with url: /token (Caused by NameResolutionError("<urllib3.connection.HTTPSConnection object at 0x15c7a3e90>: Failed to resolve 'oauth2.googleapis.com' ([Errno 8] nodename nor servname provided, or not known)"))

The above exception was the direct cause of the following exception:

Traceback (most recent call last):
  File "/Users/asanshaygupta/Documents/Codes/Stanford/Research/sgicl/.venv/lib/python3.12/site-packages/litellm/llms/vertex_ai/vertex_llm_base.py", line 490, in get_access_token
    _credentials, credential_project_id = self.load_auth(
                                          ^^^^^^^^^^^^^^^
  File "/Users/asanshaygupta/Documents/Codes/Stanford/Research/sgicl/.venv/lib/python3.12/site-packages/litellm/llms/vertex_ai/vertex_llm_base.py", line 120, in load_auth
    self.refresh_auth(creds)
  File "/Users/asanshaygupta/Documents/Codes/Stanford/Research/sgicl/.venv/lib/python3.12/site-packages/litellm/llms/vertex_ai/vertex_llm_base.py", line 252, in refresh_auth
    credentials.refresh(Request())
  File "/Users/asanshaygupta/Documents/Codes/Stanford/Research/sgicl/.venv/lib/python3.12/site-packages/google/auth/credentials.py", line 365, in refresh
    self._perform_refresh_token(request)
  File "/Users/asanshaygupta/Documents/Codes/Stanford/Research/sgicl/.venv/lib/python3.12/site-packages/google/oauth2/service_account.py", line 457, in _perform_refresh_token
    access_token, expiry, _ = _client.jwt_grant(
                              ^^^^^^^^^^^^^^^^^^
  File "/Users/asanshaygupta/Documents/Codes/Stanford/Research/sgicl/.venv/lib/python3.12/site-packages/google/oauth2/_client.py", line 303, in jwt_grant
    response_data = _token_endpoint_request(
                    ^^^^^^^^^^^^^^^^^^^^^^^^
  File "/Users/asanshaygupta/Documents/Codes/Stanford/Research/sgicl/.venv/lib/python3.12/site-packages/google/oauth2/_client.py", line 263, in _token_endpoint_request
    ) = _token_endpoint_request_no_throw(
        ^^^^^^^^^^^^^^^^^^^^^^^^^^^^^^^^^
  File "/Users/asanshaygupta/Documents/Codes/Stanford/Research/sgicl/.venv/lib/python3.12/site-packages/google/oauth2/_client.py", line 192, in _token_endpoint_request_no_throw
    response = request(
               ^^^^^^^^
  File "/Users/asanshaygupta/Documents/Codes/Stanford/Research/sgicl/.venv/lib/python3.12/site-packages/google/auth/transport/requests.py", line 195, in __call__
    raise new_exc from caught_exc
google.auth.exceptions.TransportError: HTTPSConnectionPool(host='oauth2.googleapis.com', port=443): Max retries exceeded with url: /token (Caused by NameResolutionError("<urllib3.connection.HTTPSConnection object at 0x15c7a3e90>: Failed to resolve 'oauth2.googleapis.com' ([Errno 8] nodename nor servname provided, or not known)"))
  89/89 Mean: 0.315 ‚îÅ‚îÅ‚îÅ‚îÅ‚îÅ‚îÅ‚îÅ‚îÅ‚îÅ‚îÅ‚îÅ‚îÅ‚îÅ‚îÅ‚îÅ‚îÅ‚îÅ‚îÅ‚îÅ‚îÅ‚îÅ‚îÅ‚îÅ‚îÅ‚îÅ‚îÅ‚îÅ‚îÅ‚îÅ‚îÅ‚îÅ‚îÅ‚îÅ‚îÅ‚îÅ‚îÅ‚îÅ‚îÅ‚îÅ‚îÅ 11:28:03 0:00:00
Results written to jobs/baseline-zeroshot/result.json
         icrl-zeroshot on terminal-bench          
‚îè‚îÅ‚îÅ‚îÅ‚îÅ‚îÅ‚îÅ‚îÅ‚îÅ‚îÅ‚îÅ‚îÅ‚îÅ‚îÅ‚îÅ‚îÅ‚îÅ‚îÅ‚îÅ‚îÅ‚îÅ‚îÅ‚îÅ‚îÅ‚îÅ‚îÅ‚îÅ‚îÅ‚îÅ‚îÅ‚îÅ‚îÅ‚î≥‚îÅ‚îÅ‚îÅ‚îÅ‚îÅ‚îÅ‚îÅ‚îÅ‚îÅ‚îÅ‚îÅ‚îÅ‚îÅ‚îÅ‚îÅ‚îÅ‚îì
‚îÉ Metric                        ‚îÉ Value          ‚îÉ
‚î°‚îÅ‚îÅ‚îÅ‚îÅ‚îÅ‚îÅ‚îÅ‚îÅ‚îÅ‚îÅ‚îÅ‚îÅ‚îÅ‚îÅ‚îÅ‚îÅ‚îÅ‚îÅ‚îÅ‚îÅ‚îÅ‚îÅ‚îÅ‚îÅ‚îÅ‚îÅ‚îÅ‚îÅ‚îÅ‚îÅ‚îÅ‚ïá‚îÅ‚îÅ‚îÅ‚îÅ‚îÅ‚îÅ‚îÅ‚îÅ‚îÅ‚îÅ‚îÅ‚îÅ‚îÅ‚îÅ‚îÅ‚îÅ‚î©
‚îÇ Agent                         ‚îÇ icrl-zeroshot  ‚îÇ
‚îÇ Dataset                       ‚îÇ terminal-bench ‚îÇ
‚îÇ Trials                        ‚îÇ 82             ‚îÇ
‚îÇ Errors                        ‚îÇ 10             ‚îÇ
‚îÇ                               ‚îÇ                ‚îÇ
‚îÇ Mean                          ‚îÇ 0.315          ‚îÇ
‚îÇ                               ‚îÇ                ‚îÇ
‚îÇ Reward Distribution           ‚îÇ                ‚îÇ
‚îÇ   reward = 0.0                ‚îÇ 54             ‚îÇ
‚îÇ   reward = 1.0                ‚îÇ 28             ‚îÇ
‚îÇ                               ‚îÇ                ‚îÇ
‚îÇ Exception Distribution        ‚îÇ                ‚îÇ
‚îÇ   AddTestsDirError            ‚îÇ 2              ‚îÇ
‚îÇ   AgentTimeoutError           ‚îÇ 3              ‚îÇ
‚îÇ   RuntimeError                ‚îÇ 4              ‚îÇ
‚îÇ   ContentPolicyViolationError ‚îÇ 1              ‚îÇ
‚îî‚îÄ‚îÄ‚îÄ‚îÄ‚îÄ‚îÄ‚îÄ‚îÄ‚îÄ‚îÄ‚îÄ‚îÄ‚îÄ‚îÄ‚îÄ‚îÄ‚îÄ‚îÄ‚îÄ‚îÄ‚îÄ‚îÄ‚îÄ‚îÄ‚îÄ‚îÄ‚îÄ‚îÄ‚îÄ‚îÄ‚îÄ‚î¥‚îÄ‚îÄ‚îÄ‚îÄ‚îÄ‚îÄ‚îÄ‚îÄ‚îÄ‚îÄ‚îÄ‚îÄ‚îÄ‚îÄ‚îÄ‚îÄ‚îò

Baseline experiment complete!
